0 info it worked if it ends with ok
1 verbose cli [ '/home/ubuntu/.nvm/versions/node/v6.11.2/bin/node',
1 verbose cli   '/home/ubuntu/.nvm/versions/node/v6.11.2/bin/npm',
1 verbose cli   'run',
1 verbose cli   'push' ]
2 info using npm@3.10.10
3 info using node@v6.11.2
4 verbose run-script [ 'prepush', 'push', 'postpush' ]
5 info lifecycle zway-console@1.0.0~prepush: zway-console@1.0.0
6 silly lifecycle zway-console@1.0.0~prepush: no script for prepush, continuing
7 info lifecycle zway-console@1.0.0~push: zway-console@1.0.0
8 verbose lifecycle zway-console@1.0.0~push: unsafe-perm in lifecycle true
9 verbose lifecycle zway-console@1.0.0~push: PATH: /home/ubuntu/.nvm/versions/node/v6.11.2/lib/node_modules/npm/bin/node-gyp-bin:/home/ubuntu/workspace/node_modules/.bin:/home/ubuntu/.nvm/versions/node/v6.11.2/bin:/usr/local/rvm/gems/ruby-2.4.0/bin:/usr/local/rvm/gems/ruby-2.4.0@global/bin:/usr/local/rvm/rubies/ruby-2.4.0/bin:/mnt/shared/bin:/home/ubuntu/workspace/node_modules/.bin:/home/ubuntu/bin:/usr/local/sbin:/usr/local/bin:/usr/sbin:/usr/bin:/sbin:/bin:/mnt/shared/sbin:/opt/gitl:/opt/go/bin:/mnt/shared/c9/app.nw/bin:/usr/local/rvm/bin
10 verbose lifecycle zway-console@1.0.0~push: CWD: /home/ubuntu/workspace
11 silly lifecycle zway-console@1.0.0~push: Args: [ '-c', 'webpack && git add . && git commit -m' ]
12 silly lifecycle zway-console@1.0.0~push: Returned: code: 129  signal: null
13 info lifecycle zway-console@1.0.0~push: Failed to exec push script
14 verbose stack Error: zway-console@1.0.0 push: `webpack && git add . && git commit -m`
14 verbose stack Exit status 129
14 verbose stack     at EventEmitter.<anonymous> (/home/ubuntu/.nvm/versions/node/v6.11.2/lib/node_modules/npm/lib/utils/lifecycle.js:255:16)
14 verbose stack     at emitTwo (events.js:106:13)
14 verbose stack     at EventEmitter.emit (events.js:191:7)
14 verbose stack     at ChildProcess.<anonymous> (/home/ubuntu/.nvm/versions/node/v6.11.2/lib/node_modules/npm/lib/utils/spawn.js:40:14)
14 verbose stack     at emitTwo (events.js:106:13)
14 verbose stack     at ChildProcess.emit (events.js:191:7)
14 verbose stack     at maybeClose (internal/child_process.js:891:16)
14 verbose stack     at Process.ChildProcess._handle.onexit (internal/child_process.js:226:5)
15 verbose pkgid zway-console@1.0.0
16 verbose cwd /home/ubuntu/workspace
17 error Linux 4.9.120-c9
18 error argv "/home/ubuntu/.nvm/versions/node/v6.11.2/bin/node" "/home/ubuntu/.nvm/versions/node/v6.11.2/bin/npm" "run" "push"
19 error node v6.11.2
20 error npm  v3.10.10
21 error code ELIFECYCLE
22 error zway-console@1.0.0 push: `webpack && git add . && git commit -m`
22 error Exit status 129
23 error Failed at the zway-console@1.0.0 push script 'webpack && git add . && git commit -m'.
23 error Make sure you have the latest version of node.js and npm installed.
23 error If you do, this is most likely a problem with the zway-console package,
23 error not with npm itself.
23 error Tell the author that this fails on your system:
23 error     webpack && git add . && git commit -m
23 error You can get information on how to open an issue for this project with:
23 error     npm bugs zway-console
23 error Or if that isn't available, you can get their info via:
23 error     npm owner ls zway-console
23 error There is likely additional logging output above.
24 verbose exit [ 1, true ]
